<?xml version="1.0" encoding="UTF-8"?>
<testsuite xmlns:xsi="http://www.w3.org/2001/XMLSchema-instance" xsi:schemaLocation="https://maven.apache.org/surefire/maven-surefire-plugin/xsd/surefire-test-report.xsd" name="TextProcessorTest" time="0.178" tests="34" errors="0" skipped="0" failures="0">
  <properties>
[...]
</properties>
  <testcase name="test_toUpper_empty" classname="test_toUpper_empty(String)" time="0.008"/>
  <testcase name="test_toUpper_empty" classname="test_toUpper_empty(String)" time="0.006"/>
  <testcase name="test_toUpper_empty" classname="test_toUpper_empty(String)" time="0.003"/>
  <testcase name="test_toUpper_empty" classname="test_toUpper_empty(String)" time="0.001"/>
  <testcase name="test_null" classname="test_null(String)" time="0.002"/>
  <testcase name="test_reverse" classname="test_reverse(String, String)" time="0.001"/>
  <testcase name="test_reverse" classname="test_reverse(String, String)" time="0"/>
  <testcase name="test_reverse" classname="test_reverse(String, String)" time="0.001"/>
  <testcase name="test_reverse" classname="test_reverse(String, String)" time="0.001"/>
  <testcase name="test_reverse" classname="test_reverse(String, String)" time="0.001"/>
  <testcase name="test_reverse_empty" classname="test_reverse_empty(String)" time="0.001"/>
  <testcase name="test_reverse_empty" classname="test_reverse_empty(String)" time="0.001"/>
  <testcase name="test_reverse_empty" classname="test_reverse_empty(String)" time="0.001"/>
  <testcase name="test_reverse_empty" classname="test_reverse_empty(String)" time="0.001"/>
  <testcase name="test_toLower_empty" classname="test_toLower_empty(String)" time="0"/>
  <testcase name="test_toLower_empty" classname="test_toLower_empty(String)" time="0.001"/>
  <testcase name="test_toLower_empty" classname="test_toLower_empty(String)" time="0.001"/>
  <testcase name="test_toLower_empty" classname="test_toLower_empty(String)" time="0.001"/>
  <testcase name="test_toLower" classname="test_toLower(String, String)" time="0.002"/>
  <testcase name="test_toLower" classname="test_toLower(String, String)" time="0.001"/>
  <testcase name="test_toLower" classname="test_toLower(String, String)" time="0.001"/>
  <testcase name="test_toLower" classname="test_toLower(String, String)" time="0.001"/>
  <testcase name="test_toLower" classname="test_toLower(String, String)" time="0.001"/>
  <testcase name="test_toLower" classname="test_toLower(String, String)" time="0.001"/>
  <testcase name="test_toLower" classname="test_toLower(String, String)" time="0.001"/>
  <testcase name="test_toLower" classname="test_toLower(String, String)" time="0.002"/>
  <testcase name="test_toUpper" classname="test_toUpper(String, String)" time="0.001"/>
  <testcase name="test_toUpper" classname="test_toUpper(String, String)" time="0.002"/>
  <testcase name="test_toUpper" classname="test_toUpper(String, String)" time="0.001"/>
  <testcase name="test_toUpper" classname="test_toUpper(String, String)" time="0.001"/>
  <testcase name="test_toUpper" classname="test_toUpper(String, String)" time="0.001"/>
  <testcase name="test_toUpper" classname="test_toUpper(String, String)" time="0.001"/>
  <testcase name="test_toUpper" classname="test_toUpper(String, String)" time="0.001"/>
  <testcase name="test_toUpper" classname="test_toUpper(String, String)" time="0.001"/>
</testsuite>