<?xml version="1.0" encoding="UTF-8"?>
<testsuite xmlns:xsi="http://www.w3.org/2001/XMLSchema-instance" xsi:schemaLocation="https://maven.apache.org/surefire/maven-surefire-plugin/xsd/surefire-test-report.xsd" name="CalculatorTest" time="0.428" tests="31" errors="0" skipped="2" failures="0">
  <properties>
[...]
</properties>
  <testcase name="test_multiply_method_not_equals" classname="CalculatorTest" time="0.019"/>
  <testcase name="test_subtract_method_not_equals" classname="CalculatorTest" time="0"/>
  <testcase name="repeated_test" classname="CalculatorTest" time="0">
    <skipped message="void CalculatorTest.repeated_test() is @Disabled"/>
  </testcase>
  <testcase name="test_subtract_method" classname="test_subtract_method(double)" time="0.035"/>
  <testcase name="test_subtract_method" classname="test_subtract_method(double)" time="0.001"/>
  <testcase name="test_subtract_method" classname="test_subtract_method(double)" time="0.001"/>
  <testcase name="test_subtract_method" classname="test_subtract_method(double)" time="0.001"/>
  <testcase name="test_subtract_method" classname="test_subtract_method(double)" time="0.001"/>
  <testcase name="test_subtract_method" classname="test_subtract_method(double)" time="0.002"/>
  <testcase name="test_subtract_method" classname="test_subtract_method(double)" time="0.001"/>
  <testcase name="test_subtract_method" classname="test_subtract_method(double)" time="0.001"/>
  <testcase name="cross_method_test" classname="CalculatorTest" time="0">
    <skipped message="void CalculatorTest.cross_method_test() is @Disabled"/>
  </testcase>
  <testcase name="test_divide_method_not_equals" classname="CalculatorTest" time="0"/>
  <testcase name="test_add_method" classname="test_add_method(double)" time="0.001"/>
  <testcase name="test_add_method" classname="test_add_method(double)" time="0.001"/>
  <testcase name="test_add_method" classname="test_add_method(double)" time="0.001"/>
  <testcase name="test_add_method" classname="test_add_method(double)" time="0.001"/>
  <testcase name="test_add_method" classname="test_add_method(double)" time="0.001"/>
  <testcase name="test_add_method" classname="test_add_method(double)" time="0.001"/>
  <testcase name="test_add_method" classname="test_add_method(double)" time="0.001"/>
  <testcase name="test_add_method" classname="test_add_method(double)" time="0.002"/>
  <testcase name="test_divide_method" classname="test_divide_method(double, double)" time="0.001"/>
  <testcase name="test_divide_method" classname="test_divide_method(double, double)" time="0.001"/>
  <testcase name="test_divide_method" classname="test_divide_method(double, double)" time="0.001"/>
  <testcase name="test_divide_method" classname="test_divide_method(double, double)" time="0.001"/>
  <testcase name="test_multiply_method" classname="test_multiply_method(double, double)" time="0.001"/>
  <testcase name="test_multiply_method" classname="test_multiply_method(double, double)" time="0.001"/>
  <testcase name="test_multiply_method" classname="test_multiply_method(double, double)" time="0.001"/>
  <testcase name="test_multiply_method" classname="test_multiply_method(double, double)" time="0"/>
  <testcase name="test_exception" classname="CalculatorTest" time="0.002"/>
  <testcase name="test_add_method_not_equals" classname="CalculatorTest" time="0.001"/>
</testsuite>